TN:
SF:/home/netcreature/dev/unlp/sdl-rust/practica/src/tp1/ej1.rs
FN:3,main
FNF:1
FNDA:0,main
DA:3,0
DA:4,0
DA:5,0
DA:7,0
DA:9,0
DA:12,0
DA:14,0
DA:15,0
DA:16,0
DA:17,0
DA:19,0
LF:11
LH:0
end_of_record
TN:
SF:/home/netcreature/dev/unlp/sdl-rust/practica/src/tp1/ej10.rs
FN:1,main
FNF:1
FNDA:0,main
DA:1,0
DA:2,0
DA:3,0
DA:4,0
DA:6,0
DA:7,0
DA:9,0
LF:7
LH:0
end_of_record
TN:
SF:/home/netcreature/dev/unlp/sdl-rust/practica/src/tp1/ej11.rs
FN:3,main
FNF:1
FNDA:0,main
DA:3,0
DA:4,0
DA:11,0
DA:12,0
DA:14,0
DA:15,0
DA:17,0
LF:7
LH:0
end_of_record
TN:
SF:/home/netcreature/dev/unlp/sdl-rust/practica/src/tp1/ej12.rs
FN:1,main
FNF:1
FNDA:0,main
DA:1,0
DA:2,0
DA:3,0
LF:3
LH:0
end_of_record
TN:
SF:/home/netcreature/dev/unlp/sdl-rust/practica/src/tp1/ej2.rs
FN:1,main
FNF:1
FNDA:0,main
DA:1,0
DA:2,0
DA:3,0
LF:3
LH:0
end_of_record
TN:
SF:/home/netcreature/dev/unlp/sdl-rust/practica/src/tp1/ej3.rs
FN:3,main
FNF:1
FNDA:0,main
DA:3,0
DA:4,0
DA:5,0
DA:7,0
DA:8,0
DA:12,0
DA:13,0
DA:14,0
DA:15,0
DA:17,0
DA:18,0
DA:19,0
DA:21,0
LF:13
LH:0
end_of_record
TN:
SF:/home/netcreature/dev/unlp/sdl-rust/practica/src/tp1/ej4.rs
FN:1,main
FNF:1
FNDA:0,main
DA:1,0
DA:2,0
DA:4,0
LF:3
LH:0
end_of_record
TN:
SF:/home/netcreature/dev/unlp/sdl-rust/practica/src/tp1/ej5.rs
FN:3,main
FNF:1
FNDA:0,main
DA:3,0
DA:4,0
DA:5,0
DA:7,0
DA:9,0
LF:5
LH:0
end_of_record
TN:
SF:/home/netcreature/dev/unlp/sdl-rust/practica/src/tp1/ej6.rs
FN:3,main
FNF:1
FNDA:0,main
DA:3,0
DA:4,0
DA:5,0
DA:7,0
DA:10,0
DA:12,0
LF:6
LH:0
end_of_record
TN:
SF:/home/netcreature/dev/unlp/sdl-rust/practica/src/tp1/ej7.rs
FN:1,main
FNF:1
FNDA:0,main
DA:1,0
DA:4,0
DA:6,0
DA:9,0
LF:4
LH:0
end_of_record
TN:
SF:/home/netcreature/dev/unlp/sdl-rust/practica/src/tp1/ej8.rs
FN:3,main
FNF:1
FNDA:0,main
DA:3,0
DA:6,0
DA:7,0
DA:8,0
DA:10,0
DA:12,0
LF:6
LH:0
end_of_record
TN:
SF:/home/netcreature/dev/unlp/sdl-rust/practica/src/tp1/ej9.rs
FN:1,main
FNF:1
FNDA:0,main
DA:1,0
DA:2,0
DA:3,0
LF:3
LH:0
end_of_record
TN:
SF:/home/netcreature/dev/unlp/sdl-rust/practica/src/tp2/ej1.rs
FN:1,es_par
FNF:1
FNDA:1,es_par
DA:1,1
DA:2,1
LF:2
LH:2
end_of_record
TN:
SF:/home/netcreature/dev/unlp/sdl-rust/practica/src/tp2/ej10.rs
FN:1,cantidad_de_cadenas_mayor_a
FNF:1
FNDA:1,cantidad_de_cadenas_mayor_a
DA:1,1
DA:2,1
DA:3,2
LF:3
LH:3
end_of_record
TN:
SF:/home/netcreature/dev/unlp/sdl-rust/practica/src/tp2/ej11.rs
FN:1,multiplicar_valores
FNF:1
FNDA:1,multiplicar_valores
DA:1,1
DA:2,3
LF:2
LH:2
end_of_record
TN:
SF:/home/netcreature/dev/unlp/sdl-rust/practica/src/tp2/ej12.rs
FN:1,reemplazar_pares
FNF:1
FNDA:1,reemplazar_pares
DA:1,1
DA:2,1
DA:4,2
DA:5,2
LF:4
LH:4
end_of_record
TN:
SF:/home/netcreature/dev/unlp/sdl-rust/practica/src/tp2/ej13.rs
FN:1,ordenar_nombres
FNF:1
FNDA:1,ordenar_nombres
DA:1,1
DA:2,1
LF:2
LH:2
end_of_record
TN:
SF:/home/netcreature/dev/unlp/sdl-rust/practica/src/tp2/ej14.rs
FN:1,incrementar
FNF:1
FNDA:1,incrementar
DA:1,1
DA:2,1
LF:2
LH:2
end_of_record
TN:
SF:/home/netcreature/dev/unlp/sdl-rust/practica/src/tp2/ej2.rs
FN:1,es_primo
FNF:1
FNDA:1,es_primo
DA:1,1
DA:2,1
DA:3,1
DA:4,1
DA:5,3
LF:5
LH:5
end_of_record
TN:
SF:/home/netcreature/dev/unlp/sdl-rust/practica/src/tp2/ej3.rs
FN:1,suma_pares
FNF:1
FNDA:1,suma_pares
DA:1,1
DA:2,3
LF:2
LH:2
end_of_record
TN:
SF:/home/netcreature/dev/unlp/sdl-rust/practica/src/tp2/ej4.rs
FN:1,cantidad_impares
FNF:1
FNDA:1,cantidad_impares
DA:1,1
DA:2,3
LF:2
LH:2
end_of_record
TN:
SF:/home/netcreature/dev/unlp/sdl-rust/practica/src/tp2/ej5.rs
FN:1,duplicar_valores
FNF:1
FNDA:1,duplicar_valores
DA:1,1
DA:2,3
LF:2
LH:2
end_of_record
TN:
SF:/home/netcreature/dev/unlp/sdl-rust/practica/src/tp2/ej6.rs
FN:1,longitud_de_cadenas
FNF:1
FNDA:1,longitud_de_cadenas
DA:1,1
DA:2,3
LF:2
LH:2
end_of_record
TN:
SF:/home/netcreature/dev/unlp/sdl-rust/practica/src/tp2/ej7.rs
FN:1,cantidad_de_mayores
FNF:1
FNDA:1,cantidad_de_mayores
DA:1,1
DA:2,3
LF:2
LH:2
end_of_record
TN:
SF:/home/netcreature/dev/unlp/sdl-rust/practica/src/tp2/ej8.rs
FN:1,sumar_arreglos
FNF:1
FNDA:1,sumar_arreglos
DA:1,1
DA:2,3
LF:2
LH:2
end_of_record
TN:
SF:/home/netcreature/dev/unlp/sdl-rust/practica/src/tp2/ej9.rs
FN:1,cantidad_en_rango
FNF:1
FNDA:1,cantidad_en_rango
DA:1,1
DA:2,1
DA:4,2
LF:3
LH:3
end_of_record
TN:
SF:/home/netcreature/dev/unlp/sdl-rust/practica/src/tp3/ej1.rs
FN:8,Persona::new
FN:12,Persona::to_string
FN:21,Persona::obtener_edad
FN:25,Persona::actualizar_direccion
FNF:4
FNDA:1,Persona::new
FNDA:1,Persona::to_string
FNDA:1,Persona::obtener_edad
FNDA:1,Persona::actualizar_direccion
DA:8,1
DA:12,1
DA:13,1
DA:14,1
DA:15,0
DA:18,2
DA:21,1
DA:22,1
DA:25,1
DA:26,2
LF:10
LH:9
end_of_record
TN:
SF:/home/netcreature/dev/unlp/sdl-rust/practica/src/tp3/ej10.rs
FN:51,Biblioteca::obtener_cantidad_de_copias
FN:59,Biblioteca::decrementar_copias_a_disposicion
FN:67,Biblioteca::incrementar_copias_a_disposicion
FN:75,Biblioteca::contar_prestamos_de_cliente
FN:82,Biblioteca::realizar_prestamo_a_cliente
FN:97,Biblioteca::ver_prestamos_a_vencer
FN:110,Biblioteca::ver_prestamos_vencidos
FN:119,Biblioteca::buscar_prestamo
FN:132,Biblioteca::devolver_libro
FNF:9
FNDA:1,Biblioteca::obtener_cantidad_de_copias
FNDA:1,Biblioteca::decrementar_copias_a_disposicion
FNDA:1,Biblioteca::incrementar_copias_a_disposicion
FNDA:1,Biblioteca::contar_prestamos_de_cliente
FNDA:1,Biblioteca::realizar_prestamo_a_cliente
FNDA:0,Biblioteca::ver_prestamos_a_vencer
FNDA:1,Biblioteca::ver_prestamos_vencidos
FNDA:1,Biblioteca::buscar_prestamo
FNDA:1,Biblioteca::devolver_libro
DA:51,1
DA:52,3
DA:53,1
DA:55,0
DA:59,1
DA:60,2
DA:61,2
DA:62,1
DA:67,1
DA:68,2
DA:69,3
DA:70,1
DA:75,1
DA:76,2
DA:78,2
DA:82,1
DA:83,3
DA:86,2
DA:90,1
DA:91,1
DA:93,0
DA:97,0
DA:98,0
DA:100,0
DA:101,0
DA:102,0
DA:103,0
DA:104,0
DA:110,1
DA:111,1
DA:113,2
DA:114,2
DA:119,1
DA:120,3
DA:123,2
DA:126,1
DA:128,0
DA:132,1
DA:133,2
DA:136,2
DA:138,1
DA:139,2
LF:42
LH:32
end_of_record
TN:
SF:/home/netcreature/dev/unlp/sdl-rust/practica/src/tp3/ej2.rs
FN:7,Rectangulo::new
FN:11,Rectangulo::calcular_area
FN:15,Rectangulo::calcular_perimetro
FN:19,Rectangulo::es_cuadrado
FNF:4
FNDA:1,Rectangulo::new
FNDA:1,Rectangulo::calcular_area
FNDA:1,Rectangulo::calcular_perimetro
FNDA:1,Rectangulo::es_cuadrado
DA:7,1
DA:11,1
DA:12,1
DA:15,1
DA:16,1
DA:19,1
DA:20,1
LF:7
LH:7
end_of_record
TN:
SF:/home/netcreature/dev/unlp/sdl-rust/practica/src/tp3/ej3.rs
FN:11,Fecha::new
FN:21,Fecha::es_fecha_valida
FN:29,Fecha::es_bisiesto
FN:42,Fecha::sumar_dias
FN:46,Fecha::restar_dias
FN:50,Fecha::es_mayor
FNF:6
FNDA:1,Fecha::new
FNDA:1,Fecha::es_fecha_valida
FNDA:1,Fecha::es_bisiesto
FNDA:1,Fecha::sumar_dias
FNDA:1,Fecha::restar_dias
FNDA:0,Fecha::es_mayor
DA:11,1
DA:12,2
DA:13,1
DA:14,1
DA:17,1
DA:21,1
DA:22,1
DA:23,1
DA:25,0
DA:29,1
DA:39,1
DA:42,1
DA:43,1
DA:46,1
DA:47,1
DA:50,0
DA:51,0
LF:17
LH:14
end_of_record
TN:
SF:/home/netcreature/dev/unlp/sdl-rust/practica/src/tp3/ej4.rs
FN:16,Triangulo::new
FN:20,Triangulo::determinar_tipo
FN:32,Triangulo::calcular_area
FN:36,Triangulo::calcular_perimetro
FNF:4
FNDA:1,Triangulo::new
FNDA:1,Triangulo::determinar_tipo
FNDA:1,Triangulo::calcular_area
FNDA:1,Triangulo::calcular_perimetro
DA:16,1
DA:20,1
DA:21,3
DA:22,1
DA:23,3
DA:24,1
DA:25,1
DA:26,1
DA:28,0
DA:32,1
DA:33,1
DA:36,1
DA:37,1
LF:13
LH:12
end_of_record
TN:
SF:/home/netcreature/dev/unlp/sdl-rust/practica/src/tp3/ej5.rs
FN:9,Producto::new
FN:17,Producto::calcular_impuestos
FN:21,Producto::aplicar_descuento
FN:25,Producto::calcular_precio_total
FNF:4
FNDA:1,Producto::new
FNDA:1,Producto::calcular_impuestos
FNDA:1,Producto::aplicar_descuento
FNDA:1,Producto::calcular_precio_total
DA:9,1
DA:17,1
DA:18,1
DA:21,1
DA:22,1
DA:25,1
DA:30,1
DA:31,2
DA:32,2
DA:33,1
DA:35,1
DA:37,2
DA:38,1
DA:40,0
LF:14
LH:13
end_of_record
TN:
SF:/home/netcreature/dev/unlp/sdl-rust/practica/src/tp3/ej6.rs
FN:24,Examen::new
FN:33,Estudiante::new
FN:41,Estudiante::obtener_promedio
FN:52,Estudiante::obtener_calificacion_mas_alta
FN:60,Estudiante::obtener_calificacion_mas_baja
FN:68,Estudiante::generar_informe
FNF:6
FNDA:1,Examen::new
FNDA:1,Estudiante::new
FNDA:1,Estudiante::obtener_promedio
FNDA:1,Estudiante::obtener_calificacion_mas_alta
FNDA:1,Estudiante::obtener_calificacion_mas_baja
FNDA:0,Estudiante::generar_informe
DA:24,1
DA:33,1
DA:41,1
DA:42,3
DA:43,1
DA:45,2
DA:46,0
DA:48,1
DA:52,1
DA:53,1
DA:55,2
DA:60,1
DA:61,1
DA:63,2
DA:68,0
DA:69,0
DA:70,0
DA:72,0
DA:73,0
DA:74,0
DA:75,0
DA:76,0
DA:77,0
DA:78,0
DA:79,0
LF:25
LH:13
end_of_record
TN:
SF:/home/netcreature/dev/unlp/sdl-rust/practica/src/tp3/ej7.rs
FN:21,Auto::new
FN:37,Auto::calcular_precio
FN:64,ConcesionarioAuto::new
FN:73,ConcesionarioAuto::agregar_auto
FN:79,ConcesionarioAuto::eliminar_auto
FN:85,ConcesionarioAuto::buscar_auto
FNF:6
FNDA:0,Auto::new
FNDA:1,Auto::calcular_precio
FNDA:1,ConcesionarioAuto::new
FNDA:1,ConcesionarioAuto::agregar_auto
FNDA:1,ConcesionarioAuto::eliminar_auto
FNDA:1,ConcesionarioAuto::buscar_auto
DA:21,0
DA:37,1
DA:38,1
DA:39,1
DA:41,1
DA:43,0
DA:45,2
DA:46,1
DA:48,2
DA:49,1
DA:51,1
DA:64,1
DA:73,1
DA:74,2
DA:75,1
DA:79,1
DA:80,4
DA:81,2
DA:85,1
DA:86,4
DA:87,2
DA:89,0
LF:22
LH:19
end_of_record
TN:
SF:/home/netcreature/dev/unlp/sdl-rust/practica/src/tp3/ej8.rs
FN:23,Playlist::agregar_cancion
FN:27,Playlist::eliminar_cancion
FN:33,Playlist::mover_cancion
FN:46,Playlist::buscar_cancion_por_nombre
FN:50,Playlist::obtener_canciones_por_genero
FN:57,Playlist::obtener_canciones_por_artista
FN:64,Playlist::modificar_titulo
FN:68,Playlist::limpiar_playlist
FNF:8
FNDA:1,Playlist::agregar_cancion
FNDA:1,Playlist::eliminar_cancion
FNDA:1,Playlist::mover_cancion
FNDA:1,Playlist::buscar_cancion_por_nombre
FNDA:1,Playlist::obtener_canciones_por_genero
FNDA:1,Playlist::obtener_canciones_por_artista
FNDA:1,Playlist::modificar_titulo
FNDA:1,Playlist::limpiar_playlist
DA:23,1
DA:24,1
DA:27,1
DA:28,4
DA:29,2
DA:33,1
DA:34,5
DA:35,2
DA:36,3
DA:37,0
DA:39,1
DA:42,1
DA:46,1
DA:47,4
DA:50,1
DA:51,1
DA:53,2
DA:57,1
DA:58,2
DA:60,2
DA:64,1
DA:65,2
DA:68,1
DA:69,1
LF:24
LH:23
end_of_record
TN:
SF:/home/netcreature/dev/unlp/sdl-rust/practica/src/tp3/ej9.rs
FN:46,Veterinaria::new
FN:57,Veterinaria::agregar_a_cola_de_atencion
FN:61,Veterinaria::agregar_a_cola_de_atencion_prioridad
FN:65,Veterinaria::atender_siguiente_mascota
FN:69,Veterinaria::eliminar_mascota_de_cola
FN:75,Veterinaria::registrar_atencion
FN:91,Veterinaria::buscar_atencion
FN:108,Veterinaria::modificar_diagnostico
FN:114,Veterinaria::modificar_fecha_proxima_visita
FN:120,Veterinaria::eliminar_atencion
FNF:10
FNDA:1,Veterinaria::new
FNDA:1,Veterinaria::agregar_a_cola_de_atencion
FNDA:1,Veterinaria::agregar_a_cola_de_atencion_prioridad
FNDA:1,Veterinaria::atender_siguiente_mascota
FNDA:1,Veterinaria::eliminar_mascota_de_cola
FNDA:1,Veterinaria::registrar_atencion
FNDA:1,Veterinaria::buscar_atencion
FNDA:1,Veterinaria::modificar_diagnostico
FNDA:1,Veterinaria::modificar_fecha_proxima_visita
FNDA:1,Veterinaria::eliminar_atencion
DA:46,1
DA:51,1
DA:52,1
DA:57,1
DA:58,1
DA:61,1
DA:62,1
DA:65,1
DA:66,2
DA:69,1
DA:70,4
DA:71,2
DA:75,1
DA:81,1
DA:82,2
DA:83,1
DA:84,1
DA:85,1
DA:91,1
DA:97,3
DA:98,1
DA:99,1
DA:100,1
DA:102,2
DA:104,0
DA:108,1
DA:109,3
DA:110,1
DA:114,1
DA:115,1
DA:116,1
DA:120,1
DA:121,1
DA:122,1
LF:34
LH:33
end_of_record
TN:
SF:/home/netcreature/dev/unlp/sdl-rust/practica/src/tp4/ej1.rs
FN:5,<impl I32Primos for i32>::es_primo
FN:25,cant_primos
FNF:2
FNDA:1,<impl I32Primos for i32>::es_primo
FNDA:1,cant_primos
DA:5,1
DA:6,1
DA:7,0
DA:9,1
DA:10,1
DA:12,2
DA:13,1
DA:15,1
DA:16,2
DA:17,0
DA:18,0
DA:21,1
DA:25,1
DA:26,3
LF:14
LH:11
end_of_record
TN:
SF:/home/netcreature/dev/unlp/sdl-rust/practica/src/tp4/ej2.rs
FN:12,<impl PartialEq for Persona<'a>>::eq
FN:22,con_salario_mayor
FN:26,edad_mayor_ciudad_igual
FN:37,pertenecen_a_ciudad
FN:41,almenos_uno_pertenece
FN:45,existe_en_arreglo
FN:49,edades
FN:55,menor_mayor_salario
FNF:8
FNDA:1,<impl PartialEq for Persona<'a>>::eq
FNDA:1,con_salario_mayor
FNDA:1,edad_mayor_ciudad_igual
FNDA:1,pertenecen_a_ciudad
FNDA:1,almenos_uno_pertenece
FNDA:1,existe_en_arreglo
FNDA:1,edades
FNDA:1,menor_mayor_salario
DA:12,1
DA:13,1
DA:14,1
DA:15,1
DA:16,1
DA:17,1
DA:18,1
DA:22,1
DA:23,3
DA:26,1
DA:31,1
DA:33,2
DA:37,1
DA:38,3
DA:41,1
DA:42,3
DA:45,1
DA:46,3
DA:49,1
DA:50,1
DA:51,4
DA:52,1
DA:55,1
DA:56,2
DA:57,1
DA:60,2
DA:62,1
DA:63,4
DA:64,1
DA:65,1
DA:66,1
DA:68,2
DA:70,2
DA:72,1
DA:73,4
DA:74,1
DA:75,1
DA:76,1
DA:78,2
DA:80,1
LF:40
LH:40
end_of_record
TN:
SF:/home/netcreature/dev/unlp/sdl-rust/practica/src/tp4/ej3.rs
FN:10,App::new
FN:24,App::create_user
FN:43,App::cancel_subscripcion
FN:49,App::update_stats
FN:114,TipoSubscripcion::config
FN:124,<impl PartialEq for TipoSubscripcion>::eq
FN:139,<impl From for TipoMedioDePago>::from
FN:176,<impl PartialEq for MedioDePago>::eq
FN:254,Subscripcion::new
FN:273,<impl PartialEq for Subscripcion>::eq
FN:288,<impl PartialEq for Usuario>::eq
FN:294,Usuario::new
FN:301,Usuario::upgrade_sub
FN:322,Usuario::downgrade_sub
FN:339,Usuario::cancel_subscripcion
FNF:15
FNDA:1,App::new
FNDA:1,App::create_user
FNDA:1,App::cancel_subscripcion
FNDA:1,App::update_stats
FNDA:1,TipoSubscripcion::config
FNDA:1,<impl PartialEq for TipoSubscripcion>::eq
FNDA:1,<impl From for TipoMedioDePago>::from
FNDA:1,<impl PartialEq for MedioDePago>::eq
FNDA:1,Subscripcion::new
FNDA:1,<impl PartialEq for Subscripcion>::eq
FNDA:1,<impl PartialEq for Usuario>::eq
FNDA:1,Usuario::new
FNDA:1,Usuario::upgrade_sub
FNDA:1,Usuario::downgrade_sub
FNDA:1,Usuario::cancel_subscripcion
DA:10,1
DA:12,1
DA:13,1
DA:24,1
DA:25,3
DA:26,3
DA:33,2
DA:36,1
DA:39,1
DA:40,1
DA:43,1
DA:44,3
DA:45,1
DA:49,1
DA:50,1
DA:51,1
DA:53,3
DA:54,3
DA:61,2
DA:62,2
DA:64,2
DA:65,1
DA:69,2
DA:74,2
DA:75,2
DA:77,1
DA:82,2
DA:83,2
DA:85,1
DA:87,2
DA:88,2
DA:90,1
DA:92,2
DA:93,2
DA:114,1
DA:115,1
DA:116,1
DA:117,1
DA:118,1
DA:124,1
DA:125,1
DA:139,1
DA:140,1
DA:141,1
DA:142,1
DA:143,1
DA:144,0
DA:145,1
DA:176,1
DA:177,1
DA:178,0
DA:188,0
DA:200,0
DA:201,0
DA:202,0
DA:204,0
DA:216,0
DA:217,0
DA:218,0
DA:220,0
DA:234,0
DA:235,0
DA:236,0
DA:237,0
DA:239,1
DA:254,1
DA:255,1
DA:256,1
DA:257,2
DA:258,1
DA:259,2
DA:273,1
DA:274,1
DA:275,1
DA:276,1
DA:277,1
DA:288,1
DA:289,1
DA:294,1
DA:296,2
DA:301,1
DA:302,1
DA:303,2
DA:305,1
DA:306,1
DA:307,1
DA:310,1
DA:311,1
DA:312,1
DA:315,0
DA:317,0
DA:322,1
DA:323,1
DA:324,2
DA:326,1
DA:329,1
DA:330,1
DA:331,1
DA:333,1
DA:339,1
DA:340,1
DA:341,1
DA:342,1
LF:103
LH:86
end_of_record
TN:
SF:/home/netcreature/dev/unlp/sdl-rust/practica/src/tp4/ej4.rs
FN:31,Cliente::esta_subscripto
FN:51,Venta::calcular_precio_final
FN:79,App::new
FN:87,App::set_descuento_newsletter
FN:91,App::agregar_venta
FN:95,App::generar_reporte_categorias
FN:120,App::generar_reporte_vendedor
FNF:7
FNDA:1,Cliente::esta_subscripto
FNDA:1,Venta::calcular_precio_final
FNDA:1,App::new
FNDA:1,App::set_descuento_newsletter
FNDA:1,App::agregar_venta
FNDA:1,App::generar_reporte_categorias
FNDA:1,App::generar_reporte_vendedor
DA:31,1
DA:32,1
DA:51,1
DA:56,1
DA:57,3
DA:58,2
DA:59,1
DA:61,0
DA:64,2
DA:65,1
DA:68,1
DA:79,1
DA:81,1
DA:82,1
DA:87,1
DA:88,1
DA:91,1
DA:92,1
DA:95,1
DA:96,1
DA:97,1
DA:100,1
DA:101,3
DA:102,2
DA:103,2
DA:104,1
DA:105,0
DA:106,1
DA:110,2
DA:111,4
DA:113,1
DA:114,4
DA:115,2
DA:117,1
DA:120,1
DA:121,1
DA:122,1
DA:124,1
DA:125,3
DA:126,1
DA:127,1
DA:128,0
DA:132,2
DA:133,4
DA:135,1
DA:136,4
DA:137,2
DA:139,1
LF:48
LH:45
end_of_record
TN:
SF:/home/netcreature/dev/unlp/sdl-rust/practica/src/tp4/ej5.rs
FN:15,Blockchain::generar_hash
FN:38,Balance::vender_cripto
FN:46,Balance::comprar_cripto
FN:54,Balance::retirar_fiat
FN:105,Transaccion::new
FN:121,Cotizacion::new
FN:147,App::new
FN:157,App::obtener_cotizacion
FN:164,App::ingresar_dinero
FN:178,App::comprar_cripto
FN:204,App::vender_cripto
FN:232,App::retirar_fiat
FN:247,App::recibir_hash
FN:257,App::retirar_cripto
FN:286,App::recibir_cripto
FN:313,App::actualizar_datos_estadisticos
FNF:16
FNDA:1,Blockchain::generar_hash
FNDA:1,Balance::vender_cripto
FNDA:2,Balance::comprar_cripto
FNDA:1,Balance::retirar_fiat
FNDA:2,Transaccion::new
FNDA:1,Cotizacion::new
FNDA:1,App::new
FNDA:2,App::obtener_cotizacion
FNDA:1,App::ingresar_dinero
FNDA:1,App::comprar_cripto
FNDA:1,App::vender_cripto
FNDA:1,App::retirar_fiat
FNDA:1,App::recibir_hash
FNDA:1,App::retirar_cripto
FNDA:1,App::recibir_cripto
FNDA:1,App::actualizar_datos_estadisticos
DA:15,1
DA:16,1
DA:38,1
DA:39,1
DA:40,3
DA:41,1
DA:42,2
DA:43,1
DA:46,2
DA:47,2
DA:48,6
DA:49,2
DA:50,0
DA:51,2
DA:54,1
DA:55,1
DA:105,2
DA:121,1
DA:123,1
DA:147,1
DA:149,1
DA:150,1
DA:151,1
DA:152,1
DA:153,1
DA:154,1
DA:157,2
DA:158,2
DA:160,4
DA:164,1
DA:165,2
DA:166,2
DA:167,1
DA:168,3
DA:170,1
DA:171,1
DA:173,1
DA:178,1
DA:180,3
DA:182,2
DA:184,8
DA:186,2
DA:188,2
DA:190,2
DA:191,2
DA:192,2
DA:193,2
DA:197,2
DA:204,1
DA:206,2
DA:208,1
DA:210,4
DA:212,1
DA:213,1
DA:215,1
DA:217,1
DA:218,1
DA:219,1
DA:220,1
DA:224,1
DA:232,1
DA:233,4
DA:234,1
DA:235,1
DA:236,1
DA:237,1
DA:238,1
DA:240,1
DA:247,1
DA:248,1
DA:257,1
DA:264,4
DA:265,1
DA:266,1
DA:267,1
DA:268,1
DA:269,1
DA:270,1
DA:271,1
DA:272,1
DA:273,1
DA:274,2
DA:275,1
DA:286,1
DA:293,4
DA:294,1
DA:295,1
DA:296,1
DA:297,1
DA:299,1
DA:300,1
DA:301,1
DA:302,1
DA:303,1
DA:313,1
DA:314,3
DA:315,1
DA:316,2
DA:317,1
DA:318,1
DA:321,1
DA:322,2
DA:323,1
DA:324,1
LF:104
LH:103
end_of_record
TN:
SF:/home/netcreature/dev/unlp/sdl-rust/practica/src/tp5/ej1.rs
FN:23,Auto::new
FN:33,Auto::calcular_precio
FN:55,<impl Display for ErrorCapacidadMaxima>::fmt
FN:72,<impl Display for ErrorConcecionaria>::fmt
FN:94,ConcesionarioAuto::new
FN:102,ConcesionarioAuto::agregar_auto
FN:111,ConcesionarioAuto::eliminar_auto
FN:122,ConcesionarioAuto::buscar_auto
FNF:8
FNDA:1,Auto::new
FNDA:1,Auto::calcular_precio
FNDA:0,<impl Display for ErrorCapacidadMaxima>::fmt
FNDA:0,<impl Display for ErrorConcecionaria>::fmt
FNDA:1,ConcesionarioAuto::new
FNDA:1,ConcesionarioAuto::agregar_auto
FNDA:1,ConcesionarioAuto::eliminar_auto
FNDA:1,ConcesionarioAuto::buscar_auto
DA:23,1
DA:33,1
DA:34,1
DA:35,1
DA:37,1
DA:39,1
DA:41,2
DA:42,1
DA:44,2
DA:45,1
DA:47,1
DA:55,0
DA:56,0
DA:72,0
DA:73,0
DA:74,0
DA:76,0
DA:79,0
DA:94,1
DA:102,1
DA:103,3
DA:104,1
DA:105,1
DA:107,2
DA:111,1
DA:112,2
DA:113,1
DA:115,5
DA:116,2
DA:117,1
DA:119,1
DA:122,1
DA:123,4
DA:124,2
DA:126,0
LF:35
LH:27
end_of_record
